2017-12-24 15:09:10,658 INFO o.a.j.u.JMeterUtils: Setting Locale to zh_CN
2017-12-24 15:09:10,674 INFO o.a.j.JMeter: Loading user properties from: /Users/tiantian/Documents/workspace/bin/user.properties
2017-12-24 15:09:10,675 INFO o.a.j.JMeter: Loading system properties from: /Users/tiantian/Documents/workspace/bin/system.properties
2017-12-24 15:09:10,681 INFO o.a.j.JMeter: Copyright (c) 1998-2017 The Apache Software Foundation
2017-12-24 15:09:10,681 INFO o.a.j.JMeter: Version 3.3
2017-12-24 15:09:10,682 INFO o.a.j.JMeter: java.version=1.8.0_111
2017-12-24 15:09:10,682 INFO o.a.j.JMeter: java.vm.name=Java HotSpot(TM) 64-Bit Server VM
2017-12-24 15:09:10,682 INFO o.a.j.JMeter: os.name=Mac OS X
2017-12-24 15:09:10,682 INFO o.a.j.JMeter: os.arch=x86_64
2017-12-24 15:09:10,682 INFO o.a.j.JMeter: os.version=10.12
2017-12-24 15:09:10,682 INFO o.a.j.JMeter: file.encoding=UTF-8
2017-12-24 15:09:10,682 INFO o.a.j.JMeter: Max memory     =1908932608
2017-12-24 15:09:10,682 INFO o.a.j.JMeter: Available Processors =4
2017-12-24 15:09:10,690 INFO o.a.j.JMeter: Default Locale=中文 (中国)
2017-12-24 15:09:10,690 INFO o.a.j.JMeter: JMeter  Locale=中文 (中国)
2017-12-24 15:09:10,691 INFO o.a.j.JMeter: JMeterHome=/Users/tiantian/Documents/workspace
2017-12-24 15:09:10,691 INFO o.a.j.JMeter: user.dir  =/Users/tiantian/Documents/workspace/Jmeter3.3
2017-12-24 15:09:10,691 INFO o.a.j.JMeter: PWD       =/Users/tiantian/Documents/workspace/Jmeter3.3
2017-12-24 15:09:15,767 INFO o.a.j.JMeter: IP: 192.168.1.107 Name: ztzdeMacBook-Air.local FullName: 192.168.1.107
2017-12-24 15:09:18,057 INFO o.a.j.g.a.LookAndFeelCommand: Using look and feel: com.apple.laf.AquaLookAndFeel [Mac OS X, System]
2017-12-24 15:09:18,065 INFO o.a.j.JMeter: Loaded icon properties from org/apache/jmeter/images/icon.properties
2017-12-24 15:09:18,291 INFO o.a.j.g.a.ActionRouter: Using fallback search path
2017-12-24 15:09:18,765 INFO o.a.j.e.u.CompoundVariable: Note: Function class names must contain the string: '.functions.'
2017-12-24 15:09:18,765 INFO o.a.j.e.u.CompoundVariable: Note: Function class names must not contain the string: '.gui.'
2017-12-24 15:09:18,768 WARN o.a.j.e.u.CompoundVariable: Did not find any functions
